\BOOKMARK [0][-]{chapter*.1}{\376\377\000E\000r\000k\000l\000\344\000r\000u\000n\000g}{}% 1
\BOOKMARK [0][-]{chapter*.3}{\376\377\000V\000o\000r\000w\000o\000r\000t}{}% 2
\BOOKMARK [0][-]{chapter*.4}{\376\377\000K\000u\000r\000z\000f\000a\000s\000s\000u\000n\000g}{}% 3
\BOOKMARK [0][-]{chapter*.5}{\376\377\000A\000b\000s\000t\000r\000a\000c\000t}{}% 4
\BOOKMARK [0][-]{chapter.1}{\376\377\000E\000i\000n\000l\000e\000i\000t\000u\000n\000g}{}% 5
\BOOKMARK [1][-]{section.1.1}{\376\377\000Z\000i\000e\000l\000s\000e\000t\000z\000u\000n\000g}{chapter.1}% 6
\BOOKMARK [1][-]{section.1.2}{\376\377\000A\000n\000f\000o\000r\000d\000e\000r\000u\000n\000g\000e\000n}{chapter.1}% 7
\BOOKMARK [1][-]{section.1.3}{\376\377\000\334\000b\000e\000r\000b\000l\000i\000c\000k\000\040\000I\000s\000t\000-\000S\000y\000s\000t\000e\000m}{chapter.1}% 8
\BOOKMARK [0][-]{chapter.2}{\376\377\000D\000i\000e\000\040\000K\000o\000n\000s\000o\000l\000e\000n\000\040\000A\000p\000p\000l\000i\000k\000a\000t\000i\000o\000n}{}% 9
\BOOKMARK [1][-]{section.2.1}{\376\377\000K\000l\000a\000s\000s\000e\000n\000h\000i\000e\000r\000a\000r\000c\000h\000i\000e}{chapter.2}% 10
\BOOKMARK [2][-]{subsection.2.1.1}{\376\377\000E\000-\000M\000a\000i\000l\000\040\000T\000y\000p\000e\000n}{section.2.1}% 11
\BOOKMARK [2][-]{subsection.2.1.2}{\376\377\000D\000a\000t\000e\000n\000z\000u\000g\000r\000i\000f\000f\000s\000o\000b\000j\000e\000k\000t\000\050\000e\000\051}{section.2.1}% 12
\BOOKMARK [1][-]{section.2.2}{\376\377\000I\000m\000p\000l\000e\000m\000e\000n\000t\000i\000e\000r\000u\000n\000g}{chapter.2}% 13
\BOOKMARK [0][-]{chapter.3}{\376\377\000C\000l\000i\000e\000n\000t\000\040\000I\000m\000p\000l\000e\000m\000e\000n\000t\000i\000e\000r\000u\000n\000g}{}% 14
\BOOKMARK [1][-]{subsection.3.0.1}{\376\377\000D\000a\000t\000e\000n\000b\000a\000n\000k\000\040\000I\000n\000t\000e\000g\000r\000a\000t\000i\000o\000n}{chapter.3}% 15
\BOOKMARK [2][-]{subsection.3.0.2}{\376\377\000E\000-\000M\000a\000i\000l\000\040\000V\000o\000r\000l\000a\000g\000e\000n}{subsection.3.0.1}% 16
\BOOKMARK [1][-]{section.3.1}{\376\377\000S\000o\000l\000l\000-\000S\000y\000s\000t\000e\000m}{chapter.3}% 17
\BOOKMARK [2][-]{subsection.3.1.1}{\376\377\000C\000l\000i\000e\000n\000t\000-\000A\000P\000I}{section.3.1}% 18
\BOOKMARK [2][-]{subsection.3.1.2}{\376\377\000D\000a\000t\000e\000n\000b\000a\000n\000k\000\040\000I\000n\000t\000e\000g\000r\000a\000t\000i\000o\000n}{section.3.1}% 19
\BOOKMARK [2][-]{subsection.3.1.3}{\376\377\000E\000-\000M\000a\000i\000l\000\040\000V\000o\000r\000l\000a\000g\000e\000n}{section.3.1}% 20
\BOOKMARK [1][-]{section.3.2}{\376\377\000A\000r\000b\000e\000i\000t\000e\000n\000\040\000i\000n\000\040\000E\000n\000g\000l\000i\000s\000c\000h}{chapter.3}% 21
\BOOKMARK [0][-]{appendix*.11}{\376\377\000Q\000u\000e\000l\000l\000e\000n\000v\000e\000r\000z\000e\000i\000c\000h\000n\000i\000s}{}% 22
